<?xml version="1.0" encoding="UTF-8"?>
<!-- Generated by org.testng.reporters.JUnitReportReporter -->
<testsuite skipped="0" hostname="DESKTOP-1J0QRU3" name="com.course.cases.GetUserInfoTest" tests="1" failures="0" timestamp="13 Feb 2019 07:33:49 GMT" time="1.357" errors="0">
  <testcase name="getUserInfo" time="1.357" classname="com.course.cases.GetUserInfoTest"/>
</testsuite> <!-- com.course.cases.GetUserInfoTest -->
