<?xml version="1.0" encoding="UTF-8"?>
<!-- Generated by org.testng.reporters.JUnitReportReporter -->
<testsuite skipped="0" hostname="DESKTOP-1J0QRU3" name="com.course.cases.GetUserListTest" tests="1" failures="0" timestamp="13 Feb 2019 07:33:49 GMT" time="1.488" errors="0">
  <testcase name="getuserlist" time="1.488" classname="com.course.cases.GetUserListTest"/>
</testsuite> <!-- com.course.cases.GetUserListTest -->
