<?xml version="1.0" encoding="UTF-8"?>
<!-- Generated by org.testng.reporters.JUnitReportReporter -->
<testsuite skipped="0" hostname="DESKTOP-1J0QRU3" name="com.course.cases.LoginTest" tests="2" failures="0" timestamp="13 Feb 2019 07:33:49 GMT" time="2.887" errors="0">
  <testcase name="loginTrue" time="1.823" classname="com.course.cases.LoginTest"/>
  <testcase name="loginFalse" time="1.064" classname="com.course.cases.LoginTest"/>
</testsuite> <!-- com.course.cases.LoginTest -->
