<?xml version="1.0" encoding="UTF-8"?>
<!-- Generated by org.testng.reporters.JUnitReportReporter -->
<testsuite skipped="0" hostname="DESKTOP-1J0QRU3" name="com.course.cases.UpdateUserInfoTest" tests="2" failures="0" timestamp="13 Feb 2019 07:33:49 GMT" time="2.453" errors="0">
  <testcase name="updateuserinfo" time="1.467" classname="com.course.cases.UpdateUserInfoTest"/>
  <testcase name="deleteuser" time="0.986" classname="com.course.cases.UpdateUserInfoTest"/>
</testsuite> <!-- com.course.cases.UpdateUserInfoTest -->
