<?xml version="1.0" encoding="UTF-8"?>
<!-- Generated by org.testng.reporters.JUnitReportReporter -->
<testsuite skipped="0" hostname="DESKTOP-1J0QRU3" name="com.course.cases.AddUserTest" tests="1" failures="0" timestamp="13 Feb 2019 07:40:32 GMT" time="1.547" errors="0">
  <testcase name="addUser" time="1.547" classname="com.course.cases.AddUserTest"/>
</testsuite> <!-- com.course.cases.AddUserTest -->
