<?xml version="1.0" encoding="UTF-8"?>
<!-- Generated by org.testng.reporters.JUnitReportReporter -->
<testsuite skipped="0" hostname="DESKTOP-1J0QRU3" name="com.course.cases.LoginTest" tests="2" failures="0" timestamp="12 二月 2019 06:24:19 GMT" time="2.144" errors="0">
  <testcase name="loginFalse" time="1.360" classname="com.course.cases.LoginTest"/>
  <testcase name="loginTrue" time="0.784" classname="com.course.cases.LoginTest"/>
</testsuite> <!-- com.course.cases.LoginTest -->
