<?xml version="1.0" encoding="UTF-8"?>
<!-- Generated by org.testng.reporters.JUnitReportReporter -->
<testsuite skipped="0" hostname="LAPTOP-DK86T691" name="com.course.cases.UpdateUserInfoTest" tests="2" failures="0" timestamp="13 Feb 2019 13:07:51 GMT" time="0.893" errors="0">
  <testcase name="deleteuser" time="0.462" classname="com.course.cases.UpdateUserInfoTest"/>
  <testcase name="updateuserinfo" time="0.431" classname="com.course.cases.UpdateUserInfoTest"/>
</testsuite> <!-- com.course.cases.UpdateUserInfoTest -->
