<?xml version="1.0" encoding="UTF-8"?>
<!-- Generated by org.testng.reporters.JUnitReportReporter -->
<testsuite skipped="0" hostname="DESKTOP-1J0QRU3" name="com.course.cases.LoginTest" tests="2" failures="0" timestamp="14 Feb 2019 09:21:20 GMT" time="3.535" errors="0">
  <testcase name="loginTrue" time="2.456" classname="com.course.cases.LoginTest"/>
  <testcase name="loginFalse" time="1.079" classname="com.course.cases.LoginTest"/>
</testsuite> <!-- com.course.cases.LoginTest -->
