<?xml version="1.0" encoding="UTF-8"?>
<!-- Generated by org.testng.reporters.JUnitReportReporter -->
<testsuite skipped="0" hostname="LAPTOP-DK86T691" name="com.course.cases.GetUserInfoTest" tests="1" failures="0" timestamp="13 Feb 2019 13:07:51 GMT" time="0.451" errors="0">
  <testcase name="getUserInfo" time="0.451" classname="com.course.cases.GetUserInfoTest"/>
</testsuite> <!-- com.course.cases.GetUserInfoTest -->
