<?xml version="1.0" encoding="UTF-8"?>
<!-- Generated by org.testng.reporters.JUnitReportReporter -->
<testsuite skipped="0" hostname="LAPTOP-DK86T691" name="com.course.cases.LoginTest" tests="2" failures="0" timestamp="13 Feb 2019 13:07:51 GMT" time="1.426" errors="0">
  <testcase name="loginTrue" time="1.008" classname="com.course.cases.LoginTest"/>
  <testcase name="loginFalse" time="0.418" classname="com.course.cases.LoginTest"/>
</testsuite> <!-- com.course.cases.LoginTest -->
