<?xml version="1.0" encoding="UTF-8"?>
<!-- Generated by org.testng.reporters.JUnitReportReporter -->
<testsuite skipped="0" hostname="LAPTOP-DK86T691" name="com.course.cases.GetUserListTest" tests="1" failures="0" timestamp="13 Feb 2019 13:07:51 GMT" time="0.442" errors="0">
  <testcase name="getuserlist" time="0.442" classname="com.course.cases.GetUserListTest"/>
</testsuite> <!-- com.course.cases.GetUserListTest -->
