<?xml version="1.0" encoding="UTF-8"?>
<!-- Generated by org.testng.reporters.JUnitReportReporter -->
<testsuite skipped="0" hostname="DESKTOP-1J0QRU3" name="com.course.cases.LoginTest" tests="2" failures="0" timestamp="15 Feb 2019 01:48:34 GMT" time="3.326" errors="0">
  <testcase name="loginTrue" time="2.453" classname="com.course.cases.LoginTest"/>
  <testcase name="loginFalse" time="0.873" classname="com.course.cases.LoginTest"/>
</testsuite> <!-- com.course.cases.LoginTest -->
