<?xml version="1.0" encoding="UTF-8"?>
<!-- Generated by org.testng.reporters.JUnitReportReporter -->
<testsuite skipped="0" hostname="LAPTOP-DK86T691" name="com.course.cases.AddUserTest" tests="1" failures="0" timestamp="13 Feb 2019 13:07:51 GMT" time="0.436" errors="0">
  <testcase name="addUser" time="0.436" classname="com.course.cases.AddUserTest"/>
</testsuite> <!-- com.course.cases.AddUserTest -->
